1679927575923	geckodriver	INFO	Listening on 127.0.0.1:41257
1679927576076	mozrunner::runner	INFO	Running command: "/usr/bin/firefox" "--marionette" "--ignore-certificate-errors" "--incognito" "--headless" "--remote-debugging-port" "57151" "--remote-allow-hosts" "localhost" "-no-remote" "-profile" "/tmp/rust_mozprofileXSQ16c"
*** You are running in headless mode.
1679927576976	Marionette	INFO	Marionette enabled
1679927576982	Marionette	INFO	Listening on port 39781
WebDriver BiDi listening on ws://localhost:57151
Read port: 39781
1679927577238	RemoteAgent	WARN	TLS certificate errors will be ignored for this session
[GFX1-]: RenderCompositorSWGL failed mapping default framebuffer, no dt
console.warn: SearchSettings: "get: No settings file exists, new profile?" (new NotFoundError("Could not open the file at /tmp/rust_mozprofileXSQ16c/search.json.mozlz4", (void 0)))
Missing chrome or resource URL: resource://gre/modules/UpdateListener.jsm
Missing chrome or resource URL: resource://gre/modules/UpdateListener.sys.mjs
DevTools listening on ws://localhost:57151/devtools/browser/38997c83-9003-4015-80f0-68c545a01df4
JavaScript warning: https://awardsdatabase.oscars.org/Scripts/jquery-1.10.2.min.js?~v=VfbFXC2P374xjYDYKPikYDMhsk_Iu5U6EKDQ3rMBkqw1, line 19: Using //@ to indicate sourceMappingURL pragmas is deprecated. Use //# instead
console.warn: LoginRecipes: "getRecipes: falling back to a synchronous message for:" "https://awardsdatabase.oscars.org"
JavaScript warning: https://awardsdatabase.oscars.org/Scripts/jquery-1.10.2.min.js?~v=VfbFXC2P374xjYDYKPikYDMhsk_Iu5U6EKDQ3rMBkqw1, line 19: Using //@ to indicate sourceMappingURL pragmas is deprecated. Use //# instead
1679927659330	Marionette	INFO	Stopped listening on port 39781
Missing chrome or resource URL: resource://gre/modules/UpdateListener.jsm
Missing chrome or resource URL: resource://gre/modules/UpdateListener.sys.mjs
console.error: "Error during quit-application-granted: [Exception... \"File error: Not found\"  nsresult: \"0x80520012 (NS_ERROR_FILE_NOT_FOUND)\"  location: \"JS frame :: resource:///modules/BrowserGlue.jsm :: _onQuitApplicationGranted/tasks< :: line 1996\"  data: no]"
